<?xml version="1.0" encoding="UTF-8"?>
<testng-results ignored="0" total="1" passed="1" failed="0" skipped="0">
  <reporter-output>
  </reporter-output>
  <suite started-at="2024-10-12T15:31:23 GST" name="Default suite" finished-at="2024-10-12T15:31:33 GST" duration-ms="10145">
    <groups>
      <group name="cucumber">
        <method signature="AbstractTestNGCucumberTests.runScenario(io.cucumber.testng.PickleWrapper,io.cucumber.testng.FeatureWrapper)[pri:0, instance:runner.TestRunner@5386659f]" name="runScenario" class="io.cucumber.testng.AbstractTestNGCucumberTests"/>
      </group> <!-- cucumber -->
    </groups>
    <test started-at="2024-10-12T15:31:23 GST" name="Default test" finished-at="2024-10-12T15:31:33 GST" duration-ms="10145">
      <class name="runner.TestRunner">
        <test-method is-config="true" signature="setUpClass(org.testng.ITestContext)[pri:0, instance:runner.TestRunner@5386659f]" started-at="2024-10-12T15:31:23 GST" name="setUpClass" finished-at="2024-10-12T15:31:24 GST" duration-ms="956" status="PASS">
          <params>
            <param index="0">
              <value>
                <![CDATA[org.testng.TestRunner@408e96d9]]>
              </value>
            </param>
          </params>
          <reporter-output>
          </reporter-output>
        </test-method> <!-- setUpClass -->
        <test-method signature="runScenario(io.cucumber.testng.PickleWrapper,io.cucumber.testng.FeatureWrapper)[pri:0, instance:runner.TestRunner@5386659f]" started-at="2024-10-12T15:31:24 GST" name="runScenario" description="Runs Cucumber Scenarios" data-provider="scenarios" finished-at="2024-10-12T15:31:33 GST" duration-ms="8877" status="PASS">
          <params>
            <param index="0">
              <value>
                <![CDATA["Test Login Page"]]>
              </value>
            </param>
            <param index="1">
              <value>
                <![CDATA["Login Page"]]>
              </value>
            </param>
          </params>
          <reporter-output>
          </reporter-output>
        </test-method> <!-- runScenario -->
        <test-method is-config="true" signature="tearDownClass()[pri:0, instance:runner.TestRunner@5386659f]" started-at="2024-10-12T15:31:33 GST" name="tearDownClass" finished-at="2024-10-12T15:31:33 GST" duration-ms="219" status="PASS">
          <reporter-output>
          </reporter-output>
        </test-method> <!-- tearDownClass -->
      </class> <!-- runner.TestRunner -->
    </test> <!-- Default test -->
  </suite> <!-- Default suite -->
</testng-results>
